Analysis & Elaboration report for TOP
Mon May 15 12:17:03 2023
Quartus Prime Version 18.1.0 Build 625 09/12/2018 SJ Lite Edition


---------------------
; Table of Contents ;
---------------------
  1. Legal Notice
  2. Analysis & Elaboration Summary
  3. Parallel Compilation
  4. Parameter Settings for User Entity Instance: Top-level Entity: |ALU
  5. Analysis & Elaboration Settings
  6. Analysis & Elaboration Messages
  7. Analysis & Elaboration Suppressed Messages



----------------
; Legal Notice ;
----------------
Copyright (C) 2018  Intel Corporation. All rights reserved.
Your use of Intel Corporation's design tools, logic functions 
and other software and tools, and its AMPP partner logic 
functions, and any output files from any of the foregoing 
(including device programming or simulation files), and any 
associated documentation or information are expressly subject 
to the terms and conditions of the Intel Program License 
Subscription Agreement, the Intel Quartus Prime License Agreement,
the Intel FPGA IP License Agreement, or other applicable license
agreement, including, without limitation, that your use is for
the sole purpose of programming logic devices manufactured by
Intel and sold by Intel or its authorized distributors.  Please
refer to the applicable agreement for further details.



+-----------------------------------------------------------------------------+
; Analysis & Elaboration Summary                                              ;
+-------------------------------+---------------------------------------------+
; Analysis & Elaboration Status ; Successful - Mon May 15 12:17:03 2023       ;
; Quartus Prime Version         ; 18.1.0 Build 625 09/12/2018 SJ Lite Edition ;
; Revision Name                 ; TOP                                         ;
; Top-level Entity Name         ; ALU                                         ;
; Family                        ; Cyclone V                                   ;
; Logic utilization (in ALMs)   ; N/A until Partition Merge                   ;
; Total registers               ; N/A until Partition Merge                   ;
; Total pins                    ; N/A until Partition Merge                   ;
; Total virtual pins            ; N/A until Partition Merge                   ;
; Total block memory bits       ; N/A until Partition Merge                   ;
; Total PLLs                    ; N/A until Partition Merge                   ;
; Total DLLs                    ; N/A until Partition Merge                   ;
+-------------------------------+---------------------------------------------+


+------------------------------------------+
; Parallel Compilation                     ;
+----------------------------+-------------+
; Processors                 ; Number      ;
+----------------------------+-------------+
; Number detected on machine ; 16          ;
; Maximum allowed            ; 16          ;
;                            ;             ;
; Average used               ; 1.00        ;
; Maximum used               ; 1           ;
;                            ;             ;
; Usage by Processor         ; % Time Used ;
;     Processor 1            ; 100.0%      ;
+----------------------------+-------------+


+---------------------------------------------------------------------+
; Parameter Settings for User Entity Instance: Top-level Entity: |ALU ;
+----------------+-------+--------------------------------------------+
; Parameter Name ; Value ; Type                                       ;
+----------------+-------+--------------------------------------------+
; N              ; 8     ; Signed Integer                             ;
+----------------+-------+--------------------------------------------+
Note: In order to hide this table in the UI and the text report file, please set the "Show Parameter Settings in Synthesis Report" option in "Analysis and Synthesis Settings -> More Settings" to "Off".


+---------------------------------------------------------------------------------------------------------------------------+
; Analysis & Elaboration Settings                                                                                           ;
+---------------------------------------------------------------------------------+--------------------+--------------------+
; Option                                                                          ; Setting            ; Default Value      ;
+---------------------------------------------------------------------------------+--------------------+--------------------+
; Device                                                                          ; 5CSEMA5F31C6       ;                    ;
; Top-level entity name                                                           ; ALU                ; TOP                ;
; Family name                                                                     ; Cyclone V          ; Cyclone V          ;
; Use smart compilation                                                           ; Off                ; Off                ;
; Enable parallel Assembler and Timing Analyzer during compilation                ; On                 ; On                 ;
; Enable compact report table                                                     ; Off                ; Off                ;
; Restructure Multiplexers                                                        ; Auto               ; Auto               ;
; MLAB Add Timing Constraints For Mixed-Port Feed-Through Mode Setting Don't Care ; Off                ; Off                ;
; Create Debugging Nodes for IP Cores                                             ; Off                ; Off                ;
; Preserve fewer node names                                                       ; On                 ; On                 ;
; Intel FPGA IP Evaluation Mode                                                   ; Enable             ; Enable             ;
; Verilog Version                                                                 ; Verilog_2001       ; Verilog_2001       ;
; VHDL Version                                                                    ; VHDL_1993          ; VHDL_1993          ;
; State Machine Processing                                                        ; Auto               ; Auto               ;
; Safe State Machine                                                              ; Off                ; Off                ;
; Extract Verilog State Machines                                                  ; On                 ; On                 ;
; Extract VHDL State Machines                                                     ; On                 ; On                 ;
; Ignore Verilog initial constructs                                               ; Off                ; Off                ;
; Iteration limit for constant Verilog loops                                      ; 5000               ; 5000               ;
; Iteration limit for non-constant Verilog loops                                  ; 250                ; 250                ;
; Add Pass-Through Logic to Inferred RAMs                                         ; On                 ; On                 ;
; Infer RAMs from Raw Logic                                                       ; On                 ; On                 ;
; Parallel Synthesis                                                              ; On                 ; On                 ;
; DSP Block Balancing                                                             ; Auto               ; Auto               ;
; NOT Gate Push-Back                                                              ; On                 ; On                 ;
; Power-Up Don't Care                                                             ; On                 ; On                 ;
; Remove Redundant Logic Cells                                                    ; Off                ; Off                ;
; Remove Duplicate Registers                                                      ; On                 ; On                 ;
; Ignore CARRY Buffers                                                            ; Off                ; Off                ;
; Ignore CASCADE Buffers                                                          ; Off                ; Off                ;
; Ignore GLOBAL Buffers                                                           ; Off                ; Off                ;
; Ignore ROW GLOBAL Buffers                                                       ; Off                ; Off                ;
; Ignore LCELL Buffers                                                            ; Off                ; Off                ;
; Ignore SOFT Buffers                                                             ; On                 ; On                 ;
; Limit AHDL Integers to 32 Bits                                                  ; Off                ; Off                ;
; Optimization Technique                                                          ; Balanced           ; Balanced           ;
; Carry Chain Length                                                              ; 70                 ; 70                 ;
; Auto Carry Chains                                                               ; On                 ; On                 ;
; Auto Open-Drain Pins                                                            ; On                 ; On                 ;
; Perform WYSIWYG Primitive Resynthesis                                           ; Off                ; Off                ;
; Auto ROM Replacement                                                            ; On                 ; On                 ;
; Auto RAM Replacement                                                            ; On                 ; On                 ;
; Auto DSP Block Replacement                                                      ; On                 ; On                 ;
; Auto Shift Register Replacement                                                 ; Auto               ; Auto               ;
; Allow Shift Register Merging across Hierarchies                                 ; Auto               ; Auto               ;
; Auto Clock Enable Replacement                                                   ; On                 ; On                 ;
; Strict RAM Replacement                                                          ; Off                ; Off                ;
; Allow Synchronous Control Signals                                               ; On                 ; On                 ;
; Force Use of Synchronous Clear Signals                                          ; Off                ; Off                ;
; Auto Resource Sharing                                                           ; Off                ; Off                ;
; Allow Any RAM Size For Recognition                                              ; Off                ; Off                ;
; Allow Any ROM Size For Recognition                                              ; Off                ; Off                ;
; Allow Any Shift Register Size For Recognition                                   ; Off                ; Off                ;
; Use LogicLock Constraints during Resource Balancing                             ; On                 ; On                 ;
; Ignore translate_off and synthesis_off directives                               ; Off                ; Off                ;
; Timing-Driven Synthesis                                                         ; On                 ; On                 ;
; Report Parameter Settings                                                       ; On                 ; On                 ;
; Report Source Assignments                                                       ; On                 ; On                 ;
; Report Connectivity Checks                                                      ; On                 ; On                 ;
; Ignore Maximum Fan-Out Assignments                                              ; Off                ; Off                ;
; Synchronization Register Chain Length                                           ; 3                  ; 3                  ;
; Power Optimization During Synthesis                                             ; Normal compilation ; Normal compilation ;
; HDL message level                                                               ; Level2             ; Level2             ;
; Suppress Register Optimization Related Messages                                 ; Off                ; Off                ;
; Number of Removed Registers Reported in Synthesis Report                        ; 5000               ; 5000               ;
; Number of Swept Nodes Reported in Synthesis Report                              ; 5000               ; 5000               ;
; Number of Inverted Registers Reported in Synthesis Report                       ; 100                ; 100                ;
; Clock MUX Protection                                                            ; On                 ; On                 ;
; Auto Gated Clock Conversion                                                     ; Off                ; Off                ;
; Block Design Naming                                                             ; Auto               ; Auto               ;
; SDC constraint protection                                                       ; Off                ; Off                ;
; Synthesis Effort                                                                ; Auto               ; Auto               ;
; Shift Register Replacement - Allow Asynchronous Clear Signal                    ; On                 ; On                 ;
; Pre-Mapping Resynthesis Optimization                                            ; Off                ; Off                ;
; Analysis & Synthesis Message Level                                              ; Medium             ; Medium             ;
; Disable Register Merging Across Hierarchies                                     ; Auto               ; Auto               ;
; Resource Aware Inference For Block RAM                                          ; On                 ; On                 ;
; Automatic Parallel Synthesis                                                    ; On                 ; On                 ;
; Partial Reconfiguration Bitstream ID                                            ; Off                ; Off                ;
+---------------------------------------------------------------------------------+--------------------+--------------------+


+---------------------------------+
; Analysis & Elaboration Messages ;
+---------------------------------+
Info: *******************************************************************
Info: Running Quartus Prime Analysis & Elaboration
    Info: Version 18.1.0 Build 625 09/12/2018 SJ Lite Edition
    Info: Processing started: Mon May 15 12:16:49 2023
Info: Command: quartus_map --read_settings_files=on --write_settings_files=off tessia-x -c TOP --analysis_and_elaboration
Warning (18236): Number of processors has not been specified which may cause overloading on shared machines.  Set the global assignment NUM_PARALLEL_PROCESSORS in your QSF to an appropriate value for best performance.
Info (20030): Parallel compilation is enabled and will use 16 of the 16 processors detected
Info (12021): Found 1 design units, including 1 entities, in source file testbenches/alu_tb.sv
    Info (12023): Found entity 1: ALU_tb File: C:/Users/kevii/OneDrive/Escritorio/GitHub/earce_computer_architecture_1_2023_grupal/TessiaX/testbenches/ALU_tb.sv Line: 1
Warning (12019): Can't analyze file -- file VGA/ImageReader.sv is missing
Info (12021): Found 1 design units, including 1 entities, in source file vga/vgacontroller.sv
    Info (12023): Found entity 1: VGAController File: C:/Users/kevii/OneDrive/Escritorio/GitHub/earce_computer_architecture_1_2023_grupal/TessiaX/VGA/VGAController.sv Line: 1
Info (12021): Found 1 design units, including 1 entities, in source file vga/vga_clk.sv
    Info (12023): Found entity 1: vga_clk File: C:/Users/kevii/OneDrive/Escritorio/GitHub/earce_computer_architecture_1_2023_grupal/TessiaX/VGA/vga_clk.sv Line: 40
Info (12021): Found 1 design units, including 1 entities, in source file vga/vga.sv
    Info (12023): Found entity 1: VGA File: C:/Users/kevii/OneDrive/Escritorio/GitHub/earce_computer_architecture_1_2023_grupal/TessiaX/VGA/VGA.sv Line: 1
Info (12021): Found 1 design units, including 1 entities, in source file vga/vertical_counter.sv
    Info (12023): Found entity 1: vertical_counter File: C:/Users/kevii/OneDrive/Escritorio/GitHub/earce_computer_architecture_1_2023_grupal/TessiaX/VGA/vertical_counter.sv Line: 1
Info (12021): Found 1 design units, including 1 entities, in source file vga/horizontal_counter.sv
    Info (12023): Found entity 1: horizontal_counter File: C:/Users/kevii/OneDrive/Escritorio/GitHub/earce_computer_architecture_1_2023_grupal/TessiaX/VGA/horizontal_counter.sv Line: 1
Info (12021): Found 1 design units, including 1 entities, in source file decode-stage/registerfile.sv
    Info (12023): Found entity 1: RegisterFile File: C:/Users/kevii/OneDrive/Escritorio/GitHub/earce_computer_architecture_1_2023_grupal/TessiaX/decode-stage/RegisterFile.sv Line: 1
Info (12021): Found 1 design units, including 1 entities, in source file decode-stage/extendimmediate.sv
    Info (12023): Found entity 1: ExtendImmediate File: C:/Users/kevii/OneDrive/Escritorio/GitHub/earce_computer_architecture_1_2023_grupal/TessiaX/decode-stage/ExtendImmediate.sv Line: 1
Info (12021): Found 1 design units, including 1 entities, in source file decode-stage/decode.sv
    Info (12023): Found entity 1: decode File: C:/Users/kevii/OneDrive/Escritorio/GitHub/earce_computer_architecture_1_2023_grupal/TessiaX/decode-stage/decode.sv Line: 1
Info (12021): Found 1 design units, including 1 entities, in source file decode-stage/controlunit.sv
    Info (12023): Found entity 1: ControlUnit File: C:/Users/kevii/OneDrive/Escritorio/GitHub/earce_computer_architecture_1_2023_grupal/TessiaX/decode-stage/ControlUnit.sv Line: 1
Info (12021): Found 1 design units, including 1 entities, in source file execute-stage/execute.sv
    Info (12023): Found entity 1: execute File: C:/Users/kevii/OneDrive/Escritorio/GitHub/earce_computer_architecture_1_2023_grupal/TessiaX/execute-stage/execute.sv Line: 1
Info (12021): Found 1 design units, including 1 entities, in source file execute-stage/conditioncheck.sv
    Info (12023): Found entity 1: ConditionCheck File: C:/Users/kevii/OneDrive/Escritorio/GitHub/earce_computer_architecture_1_2023_grupal/TessiaX/execute-stage/ConditionCheck.sv Line: 1
Info (12021): Found 1 design units, including 1 entities, in source file execute-stage/conditionalunit.sv
    Info (12023): Found entity 1: ConditionalUnit File: C:/Users/kevii/OneDrive/Escritorio/GitHub/earce_computer_architecture_1_2023_grupal/TessiaX/execute-stage/ConditionalUnit.sv Line: 1
Info (12021): Found 1 design units, including 1 entities, in source file execute-stage/alu.sv
    Info (12023): Found entity 1: ALU File: C:/Users/kevii/OneDrive/Escritorio/GitHub/earce_computer_architecture_1_2023_grupal/TessiaX/execute-stage/ALU.sv Line: 44
Info (12021): Found 1 design units, including 1 entities, in source file fetch-stage/fetch.sv
    Info (12023): Found entity 1: fetch File: C:/Users/kevii/OneDrive/Escritorio/GitHub/earce_computer_architecture_1_2023_grupal/TessiaX/fetch-stage/fetch.sv Line: 1
Info (12021): Found 1 design units, including 1 entities, in source file hazards/hazardunit.sv
    Info (12023): Found entity 1: HazardUnit File: C:/Users/kevii/OneDrive/Escritorio/GitHub/earce_computer_architecture_1_2023_grupal/TessiaX/hazards/HazardUnit.sv Line: 1
Info (12021): Found 1 design units, including 1 entities, in source file memory/instructionmemory.sv
    Info (12023): Found entity 1: InstructionMemory File: C:/Users/kevii/OneDrive/Escritorio/GitHub/earce_computer_architecture_1_2023_grupal/TessiaX/memory/InstructionMemory.sv Line: 1
Info (12021): Found 1 design units, including 1 entities, in source file memory/datamemory.sv
    Info (12023): Found entity 1: DataMemory File: C:/Users/kevii/OneDrive/Escritorio/GitHub/earce_computer_architecture_1_2023_grupal/TessiaX/memory/DataMemory.sv Line: 1
Info (12021): Found 1 design units, including 1 entities, in source file testbenches/testbench.sv
    Info (12023): Found entity 1: testbench File: C:/Users/kevii/OneDrive/Escritorio/GitHub/earce_computer_architecture_1_2023_grupal/TessiaX/testbenches/testbench.sv Line: 1
Info (12021): Found 1 design units, including 1 entities, in source file utils/mux3to1.sv
    Info (12023): Found entity 1: mux3to1 File: C:/Users/kevii/OneDrive/Escritorio/GitHub/earce_computer_architecture_1_2023_grupal/TessiaX/utils/mux3to1.sv Line: 1
Info (12021): Found 1 design units, including 1 entities, in source file utils/mux2to1.sv
    Info (12023): Found entity 1: mux2to1 File: C:/Users/kevii/OneDrive/Escritorio/GitHub/earce_computer_architecture_1_2023_grupal/TessiaX/utils/mux2to1.sv Line: 1
Info (12021): Found 1 design units, including 1 entities, in source file utils/flopr.sv
    Info (12023): Found entity 1: flopr File: C:/Users/kevii/OneDrive/Escritorio/GitHub/earce_computer_architecture_1_2023_grupal/TessiaX/utils/flopr.sv Line: 4
Info (12021): Found 1 design units, including 1 entities, in source file utils/flopenrc.sv
    Info (12023): Found entity 1: flopenrc File: C:/Users/kevii/OneDrive/Escritorio/GitHub/earce_computer_architecture_1_2023_grupal/TessiaX/utils/flopenrc.sv Line: 1
Info (12021): Found 1 design units, including 1 entities, in source file utils/flopenr.sv
    Info (12023): Found entity 1: flopenr File: C:/Users/kevii/OneDrive/Escritorio/GitHub/earce_computer_architecture_1_2023_grupal/TessiaX/utils/flopenr.sv Line: 1
Info (12021): Found 1 design units, including 1 entities, in source file utils/adder.sv
    Info (12023): Found entity 1: adder File: C:/Users/kevii/OneDrive/Escritorio/GitHub/earce_computer_architecture_1_2023_grupal/TessiaX/utils/adder.sv Line: 1
Info (12021): Found 1 design units, including 1 entities, in source file write-back-stage/writeback.sv
    Info (12023): Found entity 1: WriteBack File: C:/Users/kevii/OneDrive/Escritorio/GitHub/earce_computer_architecture_1_2023_grupal/TessiaX/write-back-stage/WriteBack.sv Line: 1
Info (12021): Found 1 design units, including 1 entities, in source file top.sv
    Info (12023): Found entity 1: TOP File: C:/Users/kevii/OneDrive/Escritorio/GitHub/earce_computer_architecture_1_2023_grupal/TessiaX/TOP.sv Line: 1
Info (12021): Found 1 design units, including 1 entities, in source file tessia.sv
    Info (12023): Found entity 1: Tessia File: C:/Users/kevii/OneDrive/Escritorio/GitHub/earce_computer_architecture_1_2023_grupal/TessiaX/Tessia.sv Line: 1
Info (12021): Found 1 design units, including 1 entities, in source file vga/pixelfetcher.sv
    Info (12023): Found entity 1: PixelFetcher File: C:/Users/kevii/OneDrive/Escritorio/GitHub/earce_computer_architecture_1_2023_grupal/TessiaX/VGA/PixelFetcher.sv Line: 1
Info (12021): Found 1 design units, including 1 entities, in source file vga/imageram.sv
    Info (12023): Found entity 1: ImageRAM File: C:/Users/kevii/OneDrive/Escritorio/GitHub/earce_computer_architecture_1_2023_grupal/TessiaX/VGA/ImageRAM.sv Line: 1
Info (12127): Elaborating entity "ALU" for the top level hierarchy
Info (144001): Generated suppressed messages file C:/Users/kevii/OneDrive/Escritorio/GitHub/earce_computer_architecture_1_2023_grupal/TessiaX/output_files/TOP.map.smsg
Info: Quartus Prime Analysis & Elaboration was successful. 0 errors, 2 warnings
    Info: Peak virtual memory: 4787 megabytes
    Info: Processing ended: Mon May 15 12:17:03 2023
    Info: Elapsed time: 00:00:14
    Info: Total CPU time (on all processors): 00:00:09


+--------------------------------------------+
; Analysis & Elaboration Suppressed Messages ;
+--------------------------------------------+
The suppressed messages can be found in C:/Users/kevii/OneDrive/Escritorio/GitHub/earce_computer_architecture_1_2023_grupal/TessiaX/output_files/TOP.map.smsg.


